<?xml version="1.0" encoding="UTF-8"?>
<testsuites name="Registration" time="55.369" tests="1" failures="0" skips="0" errors="0">
   <testsuite name="Registration" tests="1" failures="0" errors="0" time="55.369" skips="0" timestamp="2021-01-25 14:34:08" hostname="syaiful - syaiful" id="Test Suites/Registration">
      <properties>
         <property name="deviceName" value=""/>
         <property name="devicePlatform" value=""/>
         <property name="logFolder" value="D:\\autotest_zoweb\\Reports\\20210125_143357\\Registration\\20210125_143357"/>
         <property name="logFiles" value="D:\\autotest_zoweb\\Reports\\20210125_143357\\Registration\\20210125_143357\\execution0.log"/>
         <property name="attachments" value=""/>
         <property name="hostName" value="syaiful - syaiful"/>
         <property name="os" value="Windows 10 64bit"/>
         <property name="katalonVersion" value="null.null"/>
         <property name="browser" value="Chrome 87.0.4280.141"/>
         <property name="hostAddress" value="192.168.100.5"/>
         <property name="sessionId" value="bb9cb36e519ce32ac0f26469c4ae069f"/>
         <property name="seleniumVersion" value="3.141.59"/>
         <property name="proxyInformation" value="ProxyInformation { proxyOption=NO_PROXY, proxyServerType=HTTP, username=, password=********, proxyServerAddress=, proxyServerPort=0, executionList=&quot;&quot;, isApplyToDesiredCapabilities=true }"/>
         <property name="platform" value="Windows 10"/>
      </properties>
      <testcase name="Test Cases/Register" time="52.551" classname="Test Cases/Register" status="PASSED">
         <system-out><![CDATA[2021-01-25 14:34:10 - [TEST_CASE][PASSED] - Test Cases/Register: Test Cases/Register

2021-01-25 14:34:11 - [TEST_STEP][PASSED] - openBrowser(""): Browser is opened with url: ''

2021-01-25 14:34:11 - [MESSAGE][INFO] - Starting 'Chrome' driver

2021-01-25 14:34:12 - [MESSAGE][INFO] - Action delay is set to 0 milliseconds

2021-01-25 14:34:16 - [MESSAGE][PASSED] - Browser is opened with url: ''

2021-01-25 14:34:16 - [TEST_STEP][PASSED] - navigateToUrl("https://go.zahironline.com/auth"): Navigate to 'https://go.zahironline.com/auth' successfully

2021-01-25 14:34:23 - [MESSAGE][PASSED] - Navigate to 'https://go.zahironline.com/auth' successfully

2021-01-25 14:34:23 - [TEST_STEP][PASSED] - click(findTestObject("Object Repository/Registration/Page_Zahir Online/a_Sign Up")): Object: 'Object Repository/Registration/Page_Zahir Online/a_Sign Up' is clicked on

2021-01-25 14:34:25 - [MESSAGE][PASSED] - Object: 'Object Repository/Registration/Page_Zahir Online/a_Sign Up' is clicked on

2021-01-25 14:34:25 - [TEST_STEP][PASSED] - setText(findTestObject("Object Repository/Registration/Page_Zahir Online  Signup/input_Create Account_email"), "tesregisterzoweb@mailinator.com"): Text 'tesregisterzoweb@mailinator.com' is set on object 'Object Repository/Registration/Page_Zahir Online  Signup/input_Create Account_email'

2021-01-25 14:34:27 - [MESSAGE][PASSED] - Text 'tesregisterzoweb@mailinator.com' is set on object 'Object Repository/Registration/Page_Zahir Online  Signup/input_Create Account_email'

2021-01-25 14:34:27 - [TEST_STEP][PASSED] - click(findTestObject("Object Repository/Registration/Page_Zahir Online  Signup/button_Create Account")): Object: 'Object Repository/Registration/Page_Zahir Online  Signup/button_Create Account' is clicked on

2021-01-25 14:34:28 - [MESSAGE][PASSED] - Object: 'Object Repository/Registration/Page_Zahir Online  Signup/button_Create Account' is clicked on

2021-01-25 14:34:28 - [TEST_STEP][PASSED] - setText(findTestObject("Object Repository/Registration/Page_Zahir Online  Complete Profile/input_Phone_full_name"), "tesregisterzoweb"): Text 'tesregisterzoweb' is set on object 'Object Repository/Registration/Page_Zahir Online  Complete Profile/input_Phone_full_name'

2021-01-25 14:34:31 - [MESSAGE][PASSED] - Text 'tesregisterzoweb' is set on object 'Object Repository/Registration/Page_Zahir Online  Complete Profile/input_Phone_full_name'

2021-01-25 14:34:31 - [TEST_STEP][PASSED] - click(findTestObject("Object Repository/Registration/Page_Zahir Online  Complete Profile/div_Phone_selected-flag")): Object: 'Object Repository/Registration/Page_Zahir Online  Complete Profile/div_Phone_selected-flag' is clicked on

2021-01-25 14:34:32 - [MESSAGE][PASSED] - Object: 'Object Repository/Registration/Page_Zahir Online  Complete Profile/div_Phone_selected-flag' is clicked on

2021-01-25 14:34:32 - [TEST_STEP][PASSED] - click(findTestObject("Object Repository/Registration/Page_Zahir Online  Complete Profile/li_Indonesia62")): Object: 'Object Repository/Registration/Page_Zahir Online  Complete Profile/li_Indonesia62' is clicked on

2021-01-25 14:34:33 - [MESSAGE][PASSED] - Object: 'Object Repository/Registration/Page_Zahir Online  Complete Profile/li_Indonesia62' is clicked on

2021-01-25 14:34:33 - [TEST_STEP][PASSED] - setText(findTestObject("Object Repository/Registration/Page_Zahir Online  Complete Profile/input_Phone_material-phone-numer-field colo_4551fa"), "+62 812266122311"): Text '+62 812266122311' is set on object 'Object Repository/Registration/Page_Zahir Online  Complete Profile/input_Phone_material-phone-numer-field colo_4551fa'

2021-01-25 14:34:35 - [MESSAGE][PASSED] - Text '+62 812266122311' is set on object 'Object Repository/Registration/Page_Zahir Online  Complete Profile/input_Phone_material-phone-numer-field colo_4551fa'

2021-01-25 14:34:35 - [TEST_STEP][PASSED] - click(findTestObject("Object Repository/Registration/Page_Zahir Online  Complete Profile/div_Select Your Occupations")): Object: 'Object Repository/Registration/Page_Zahir Online  Complete Profile/div_Select Your Occupations' is clicked on

2021-01-25 14:34:35 - [MESSAGE][PASSED] - Object: 'Object Repository/Registration/Page_Zahir Online  Complete Profile/div_Select Your Occupations' is clicked on

2021-01-25 14:34:35 - [TEST_STEP][PASSED] - click(findTestObject("Object Repository/Registration/Page_Zahir Online  Complete Profile/div_Entrepreneur (Wiraswasta)")): Object: 'Object Repository/Registration/Page_Zahir Online  Complete Profile/div_Entrepreneur (Wiraswasta)' is clicked on

2021-01-25 14:34:36 - [MESSAGE][PASSED] - Object: 'Object Repository/Registration/Page_Zahir Online  Complete Profile/div_Entrepreneur (Wiraswasta)' is clicked on

2021-01-25 14:34:36 - [TEST_STEP][PASSED] - setEncryptedText(findTestObject("Object Repository/Registration/Page_Zahir Online  Complete Profile/input_Entrepreneur (Wiraswasta)_password"), "/w1kD+5vMvA7nrbALpT4trkwgmu0w8Bh"): Text ****** has been set on object 'Object Repository/Registration/Page_Zahir Online  Complete Profile/input_Entrepreneur (Wiraswasta)_password'

2021-01-25 14:34:37 - [MESSAGE][PASSED] - Text ****** has been set on object 'Object Repository/Registration/Page_Zahir Online  Complete Profile/input_Entrepreneur (Wiraswasta)_password'

2021-01-25 14:34:37 - [TEST_STEP][PASSED] - click(findTestObject("Object Repository/Registration/Page_Zahir Online  Complete Profile/button_Create Account")): Object: 'Object Repository/Registration/Page_Zahir Online  Complete Profile/button_Create Account' is clicked on

2021-01-25 14:34:38 - [MESSAGE][PASSED] - Object: 'Object Repository/Registration/Page_Zahir Online  Complete Profile/button_Create Account' is clicked on

2021-01-25 14:34:38 - [TEST_STEP][PASSED] - setText(findTestObject("Object Repository/Registration/Page_Zahir Online  Create Company/input_Tell us about your business_name"), "company-tesregisterzoweb"): Text 'company-tesregisterzoweb' is set on object 'Object Repository/Registration/Page_Zahir Online  Create Company/input_Tell us about your business_name'

2021-01-25 14:34:42 - [MESSAGE][PASSED] - Text 'company-tesregisterzoweb' is set on object 'Object Repository/Registration/Page_Zahir Online  Create Company/input_Tell us about your business_name'

2021-01-25 14:34:42 - [TEST_STEP][PASSED] - click(findTestObject("Object Repository/Registration/Page_Zahir Online  Create Company/div_Choose Bussiness Type")): Object: 'Object Repository/Registration/Page_Zahir Online  Create Company/div_Choose Bussiness Type' is clicked on

2021-01-25 14:34:42 - [MESSAGE][PASSED] - Object: 'Object Repository/Registration/Page_Zahir Online  Create Company/div_Choose Bussiness Type' is clicked on

2021-01-25 14:34:42 - [TEST_STEP][PASSED] - click(findTestObject("Object Repository/Registration/Page_Zahir Online  Create Company/div_CafeCoffee Shop")): Object: 'Object Repository/Registration/Page_Zahir Online  Create Company/div_CafeCoffee Shop' is clicked on

2021-01-25 14:34:43 - [MESSAGE][PASSED] - Object: 'Object Repository/Registration/Page_Zahir Online  Create Company/div_CafeCoffee Shop' is clicked on

2021-01-25 14:34:43 - [TEST_STEP][PASSED] - click(findTestObject("Object Repository/Registration/Page_Zahir Online  Create Company/input_Use Referral Code_jss118")): Object: 'Object Repository/Registration/Page_Zahir Online  Create Company/input_Use Referral Code_jss118' is clicked on

2021-01-25 14:34:44 - [MESSAGE][PASSED] - Object: 'Object Repository/Registration/Page_Zahir Online  Create Company/input_Use Referral Code_jss118' is clicked on

2021-01-25 14:34:44 - [TEST_STEP][PASSED] - click(findTestObject("Object Repository/Registration/Page_Zahir Online  Create Company/button_Save")): Object: 'Object Repository/Registration/Page_Zahir Online  Create Company/button_Save' is clicked on

2021-01-25 14:34:44 - [MESSAGE][PASSED] - Object: 'Object Repository/Registration/Page_Zahir Online  Create Company/button_Save' is clicked on

2021-01-25 14:34:44 - [TEST_STEP][PASSED] - click(findTestObject("Object Repository/Registration/Page_Zahir Online  Signup Success/button_GET STARTED")): Object: 'Object Repository/Registration/Page_Zahir Online  Signup Success/button_GET STARTED' is clicked on

2021-01-25 14:35:01 - [MESSAGE][PASSED] - Object: 'Object Repository/Registration/Page_Zahir Online  Signup Success/button_GET STARTED' is clicked on

2021-01-25 14:35:01 - [TEST_STEP][PASSED] - closeBrowser(): Browser is closed

2021-01-25 14:35:03 - [MESSAGE][PASSED] - Browser is closed]]></system-out>
         <system-err><![CDATA[]]></system-err>
      </testcase>
      <system-out><![CDATA[2021-01-25 14:34:08 - [TEST_SUITE][PASSED] - Registration: Test Cases/Register]]></system-out>
      <system-err><![CDATA[]]></system-err>
   </testsuite>
</testsuites>
