<?xml version="1.0" encoding="UTF-8"?>
<testsuites name="Login" time="45.57" tests="1" failures="0" skips="0" errors="0">
   <testsuite name="Login" tests="1" failures="0" errors="0" time="45.57" skips="0" timestamp="2021-01-25 14:29:58" hostname="syaiful - syaiful" id="Test Suites/Login">
      <properties>
         <property name="deviceName" value=""/>
         <property name="devicePlatform" value=""/>
         <property name="logFolder" value="D:\\autotest_zoweb\\Reports\\20210125_142947\\Login\\20210125_142947"/>
         <property name="logFiles" value="D:\\autotest_zoweb\\Reports\\20210125_142947\\Login\\20210125_142947\\execution0.log"/>
         <property name="attachments" value=""/>
         <property name="hostName" value="syaiful - syaiful"/>
         <property name="os" value="Windows 10 64bit"/>
         <property name="katalonVersion" value="null.null"/>
         <property name="browser" value="Chrome 87.0.4280.141"/>
         <property name="hostAddress" value="192.168.100.5"/>
         <property name="sessionId" value="267ad9f9177d211b69d988f015df88cb"/>
         <property name="seleniumVersion" value="3.141.59"/>
         <property name="proxyInformation" value="ProxyInformation { proxyOption=NO_PROXY, proxyServerType=HTTP, username=, password=********, proxyServerAddress=, proxyServerPort=0, executionList=&quot;&quot;, isApplyToDesiredCapabilities=true }"/>
         <property name="platform" value="Windows 10"/>
      </properties>
      <testcase name="Test Cases/Login" time="40.253" classname="Test Cases/Login" status="PASSED">
         <system-out><![CDATA[2021-01-25 14:30:01 - [TEST_CASE][PASSED] - Test Cases/Login: Test Cases/Login

2021-01-25 14:30:03 - [TEST_STEP][PASSED] - openBrowser("https://go.zahironline.com"): Browser is opened with url: 'https://go.zahironline.com'

2021-01-25 14:30:03 - [MESSAGE][INFO] - Starting 'Chrome' driver

2021-01-25 14:30:03 - [MESSAGE][INFO] - Action delay is set to 0 milliseconds

2021-01-25 14:30:17 - [MESSAGE][PASSED] - Browser is opened with url: 'https://go.zahironline.com'

2021-01-25 14:30:17 - [TEST_STEP][PASSED] - setText(findTestObject("Login/Page_Zahir Online/input_Sign In_username"), "sdet.zahir@gmail.com"): Text 'sdet.zahir@gmail.com' is set on object 'Object Repository/Login/Page_Zahir Online/input_Sign In_username'

2021-01-25 14:30:20 - [MESSAGE][PASSED] - Text 'sdet.zahir@gmail.com' is set on object 'Object Repository/Login/Page_Zahir Online/input_Sign In_username'

2021-01-25 14:30:20 - [TEST_STEP][PASSED] - setEncryptedText(findTestObject("Login/Page_Zahir Online/input_Sign In_password"), "1D7vslVqkzGtL7kcg2RSrA=="): Text ****** has been set on object 'Object Repository/Login/Page_Zahir Online/input_Sign In_password'

2021-01-25 14:30:21 - [MESSAGE][PASSED] - Text ****** has been set on object 'Object Repository/Login/Page_Zahir Online/input_Sign In_password'

2021-01-25 14:30:21 - [TEST_STEP][PASSED] - click(findTestObject("Login/Page_Zahir Online/button_Sign In")): Object: 'Object Repository/Login/Page_Zahir Online/button_Sign In' is clicked on

2021-01-25 14:30:22 - [MESSAGE][PASSED] - Object: 'Object Repository/Login/Page_Zahir Online/button_Sign In' is clicked on

2021-01-25 14:30:22 - [TEST_STEP][PASSED] - setText(findTestObject("Login/Page_Zahir Online  List Company/input_Choose Company_q"), "SDET_TEST"): Text 'SDET_TEST' is set on object 'Object Repository/Login/Page_Zahir Online  List Company/input_Choose Company_q'

2021-01-25 14:30:27 - [MESSAGE][PASSED] - Text 'SDET_TEST' is set on object 'Object Repository/Login/Page_Zahir Online  List Company/input_Choose Company_q'

2021-01-25 14:30:27 - [TEST_STEP][PASSED] - doubleClick(findTestObject("Login/Page_Zahir Online  List Company/div_SDET_TEST")): Object: 'Object Repository/Login/Page_Zahir Online  List Company/div_SDET_TEST' is double clicked on

2021-01-25 14:30:28 - [MESSAGE][PASSED] - Object: 'Object Repository/Login/Page_Zahir Online  List Company/div_SDET_TEST' is double clicked on

2021-01-25 14:30:28 - [TEST_STEP][PASSED] - click(findTestObject("Login/Page_Zahir Online  Dashboard/button_account_circle")): Object: 'Object Repository/Login/Page_Zahir Online  Dashboard/button_account_circle' is clicked on

2021-01-25 14:30:38 - [MESSAGE][PASSED] - Object: 'Object Repository/Login/Page_Zahir Online  Dashboard/button_account_circle' is clicked on

2021-01-25 14:30:38 - [TEST_STEP][PASSED] - click(findTestObject("Login/Page_Zahir Online  Dashboard/p_Logout")): Object: 'Object Repository/Login/Page_Zahir Online  Dashboard/p_Logout' is clicked on

2021-01-25 14:30:40 - [MESSAGE][PASSED] - Object: 'Object Repository/Login/Page_Zahir Online  Dashboard/p_Logout' is clicked on

2021-01-25 14:30:40 - [TEST_STEP][PASSED] - closeBrowser(): Browser is closed

2021-01-25 14:30:41 - [MESSAGE][PASSED] - Browser is closed]]></system-out>
         <system-err><![CDATA[]]></system-err>
      </testcase>
      <system-out><![CDATA[2021-01-25 14:29:58 - [TEST_SUITE][PASSED] - Login: Test Cases/Login]]></system-out>
      <system-err><![CDATA[]]></system-err>
   </testsuite>
</testsuites>
